<?xml version="1.0" encoding="UTF-8"?>
<!-- Generated by org.testng.reporters.JUnitReportReporter -->
<testsuite hostname="DESKTOP-8BGUM45" failures="0" tests="1" name="amazon_source.Ama_LoginDDT" time="1.133" errors="0" timestamp="2024-02-16T10:38:44 IST" skipped="0">
  <testcase classname="amazon_source.Ama_LoginDDT" name="getdata" time="1.133"/>
</testsuite> <!-- amazon_source.Ama_LoginDDT -->
