<?xml version="1.0" encoding="UTF-8"?>
<!-- Generated by org.testng.reporters.JUnitReportReporter -->
<testsuite hostname="DESKTOP-8BGUM45" failures="0" tests="1" name="amazon_test.Amz_IT_20" time="42.705" errors="0" timestamp="2024-03-03T12:31:12 IST" skipped="0">
  <testcase classname="amazon_test.Amz_IT_20" name="cartpricevalidation" time="42.705"/>
</testsuite> <!-- amazon_test.Amz_IT_20 -->
