<?xml version="1.0" encoding="UTF-8"?>
<!-- Generated by org.testng.reporters.JUnitReportReporter -->
<testsuite hostname="DESKTOP-8BGUM45" failures="0" tests="1" name="amazon_test.Amazon_IT_01" time="12.373" errors="0" timestamp="2024-02-18T12:35:05 IST" skipped="0">
  <testcase classname="amazon_test.Amazon_IT_01" name="validationofloginpage" time="12.373"/>
</testsuite> <!-- amazon_test.Amazon_IT_01 -->
